<?xml version="1.0" encoding="UTF-8"?>
<testsuite name="be.cegeka.devops.training.model.PersonRepositoryIntegrationTest" tests="2" skipped="0" failures="0" errors="0" timestamp="2016-11-18T15:00:47" hostname="hi67369.cegekanv.corp.local" time="0.3">
  <properties/>
  <testcase name="canInsertAndDeletePersons" classname="be.cegeka.devops.training.model.PersonRepositoryIntegrationTest" time="0.293"/>
  <testcase name="canWireRepository" classname="be.cegeka.devops.training.model.PersonRepositoryIntegrationTest" time="0.006"/>
  <system-out><![CDATA[16:00:42.814 [Test worker] DEBUG org.springframework.test.context.junit4.SpringJUnit4ClassRunner - SpringJUnit4ClassRunner constructor called with [class be.cegeka.devops.training.model.PersonRepositoryIntegrationTest]
16:00:42.818 [Test worker] DEBUG org.springframework.test.context.BootstrapUtils - Instantiating CacheAwareContextLoaderDelegate from class [org.springframework.test.context.cache.DefaultCacheAwareContextLoaderDelegate]
16:00:42.826 [Test worker] DEBUG org.springframework.test.context.BootstrapUtils - Instantiating BootstrapContext using constructor [public org.springframework.test.context.support.DefaultBootstrapContext(java.lang.Class,org.springframework.test.context.CacheAwareContextLoaderDelegate)]
16:00:42.846 [Test worker] DEBUG org.springframework.test.context.BootstrapUtils - Instantiating TestContextBootstrapper for test class [be.cegeka.devops.training.model.PersonRepositoryIntegrationTest] from class [org.springframework.boot.test.context.SpringBootTestContextBootstrapper]
16:00:42.866 [Test worker] DEBUG org.springframework.test.context.support.AbstractContextLoader - Did not detect default resource location for test class [be.cegeka.devops.training.AbstractIntegrationTest]: class path resource [be/cegeka/devops/training/AbstractIntegrationTest-context.xml] does not exist
16:00:42.867 [Test worker] DEBUG org.springframework.test.context.support.AbstractContextLoader - Did not detect default resource location for test class [be.cegeka.devops.training.AbstractIntegrationTest]: class path resource [be/cegeka/devops/training/AbstractIntegrationTestContext.groovy] does not exist
16:00:42.867 [Test worker] INFO org.springframework.test.context.support.AbstractContextLoader - Could not detect default resource locations for test class [be.cegeka.devops.training.AbstractIntegrationTest]: no resource found for suffixes {-context.xml, Context.groovy}.
16:00:42.904 [Test worker] DEBUG org.springframework.test.context.support.ActiveProfilesUtils - Could not find an 'annotation declaring class' for annotation type [org.springframework.test.context.ActiveProfiles] and class [be.cegeka.devops.training.model.PersonRepositoryIntegrationTest]
16:00:42.911 [Test worker] DEBUG org.springframework.boot.test.context.SpringBootTestContextBootstrapper - @TestExecutionListeners is not present for class [be.cegeka.devops.training.model.PersonRepositoryIntegrationTest]: using defaults.
16:00:42.918 [Test worker] INFO org.springframework.boot.test.context.SpringBootTestContextBootstrapper - Loaded default TestExecutionListener class names from location [META-INF/spring.factories]: [org.springframework.boot.test.mock.mockito.MockitoTestExecutionListener, org.springframework.boot.test.mock.mockito.ResetMocksTestExecutionListener, org.springframework.boot.test.autoconfigure.restdocs.RestDocsTestExecutionListener, org.springframework.boot.test.autoconfigure.web.client.MockRestServiceServerResetTestExecutionListener, org.springframework.boot.test.autoconfigure.web.servlet.MockMvcPrintOnlyOnFailureTestExecutionListener, org.springframework.boot.test.autoconfigure.web.servlet.WebDriverTestExecutionListener, org.springframework.test.context.web.ServletTestExecutionListener, org.springframework.test.context.support.DirtiesContextBeforeModesTestExecutionListener, org.springframework.test.context.support.DependencyInjectionTestExecutionListener, org.springframework.test.context.support.DirtiesContextTestExecutionListener, org.springframework.test.context.transaction.TransactionalTestExecutionListener, org.springframework.test.context.jdbc.SqlScriptsTestExecutionListener]
16:00:42.943 [Test worker] INFO org.springframework.boot.test.context.SpringBootTestContextBootstrapper - Using TestExecutionListeners: [org.springframework.test.context.web.ServletTestExecutionListener@2b9a6791, org.springframework.test.context.support.DirtiesContextBeforeModesTestExecutionListener@56edd393, org.springframework.boot.test.autoconfigure.SpringBootDependencyInjectionTestExecutionListener@16b6ebbd, org.springframework.test.context.support.DirtiesContextTestExecutionListener@20c451ee, org.springframework.test.context.transaction.TransactionalTestExecutionListener@581a1c88, org.springframework.test.context.jdbc.SqlScriptsTestExecutionListener@60532d53, org.springframework.boot.test.autoconfigure.restdocs.RestDocsTestExecutionListener@4119c9e7, org.springframework.boot.test.autoconfigure.web.servlet.WebDriverTestExecutionListener@4350bb0b, org.springframework.boot.test.mock.mockito.ResetMocksTestExecutionListener@4b2601b5, org.springframework.boot.test.mock.mockito.MockitoTestExecutionListener@32e68437, org.springframework.boot.test.autoconfigure.web.servlet.MockMvcPrintOnlyOnFailureTestExecutionListener@3dbf357d, org.springframework.boot.test.autoconfigure.web.client.MockRestServiceServerResetTestExecutionListener@7b714922]
16:00:42.945 [Test worker] DEBUG org.springframework.test.annotation.ProfileValueUtils - Retrieved @ProfileValueSourceConfiguration [null] for test class [be.cegeka.devops.training.model.PersonRepositoryIntegrationTest]
16:00:42.946 [Test worker] DEBUG org.springframework.test.annotation.ProfileValueUtils - Retrieved ProfileValueSource type [class org.springframework.test.annotation.SystemProfileValueSource] for class [be.cegeka.devops.training.model.PersonRepositoryIntegrationTest]
16:00:42.947 [Test worker] DEBUG org.springframework.test.annotation.ProfileValueUtils - Retrieved @ProfileValueSourceConfiguration [null] for test class [be.cegeka.devops.training.model.PersonRepositoryIntegrationTest]
16:00:42.947 [Test worker] DEBUG org.springframework.test.annotation.ProfileValueUtils - Retrieved ProfileValueSource type [class org.springframework.test.annotation.SystemProfileValueSource] for class [be.cegeka.devops.training.model.PersonRepositoryIntegrationTest]
16:00:42.952 [Test worker] DEBUG org.springframework.test.context.support.AbstractDirtiesContextTestExecutionListener - Before test class: context [DefaultTestContext@3c6dd29f testClass = PersonRepositoryIntegrationTest, testInstance = [null], testMethod = [null], testException = [null], mergedContextConfiguration = [WebMergedContextConfiguration@5f9e10cc testClass = PersonRepositoryIntegrationTest, locations = '{}', classes = '{class be.cegeka.devops.training.IntegrationTestConfiguration, class be.cegeka.devops.training.DevopsTrainingApplication}', contextInitializerClasses = '[]', activeProfiles = '{}', propertySourceLocations = '{}', propertySourceProperties = '{org.springframework.boot.test.context.SpringBootTestContextBootstrapper=true}', contextCustomizers = set[org.springframework.boot.test.context.SpringBootTestContextCustomizer@4340bed3, org.springframework.boot.test.context.filter.ExcludeFilterContextCustomizer@11df80ea, org.springframework.boot.test.mock.mockito.MockitoContextCustomizer@0, org.springframework.boot.test.autoconfigure.properties.PropertyMappingContextCustomizer@0, org.springframework.boot.test.autoconfigure.web.servlet.WebDriverContextCustomizerFactory$Customizer@ce2a083], resourceBasePath = 'src/main/webapp', contextLoader = 'org.springframework.boot.test.context.SpringBootContextLoader', parent = [null]]], class annotated with @DirtiesContext [false] with mode [null].
16:00:42.953 [Test worker] DEBUG org.springframework.test.annotation.ProfileValueUtils - Retrieved @ProfileValueSourceConfiguration [null] for test class [be.cegeka.devops.training.model.PersonRepositoryIntegrationTest]
16:00:42.953 [Test worker] DEBUG org.springframework.test.annotation.ProfileValueUtils - Retrieved ProfileValueSource type [class org.springframework.test.annotation.SystemProfileValueSource] for class [be.cegeka.devops.training.model.PersonRepositoryIntegrationTest]
16:00:43.018 [Test worker] DEBUG org.springframework.core.env.StandardEnvironment - Adding [systemProperties] PropertySource with lowest search precedence
16:00:43.019 [Test worker] DEBUG org.springframework.core.env.StandardEnvironment - Adding [systemEnvironment] PropertySource with lowest search precedence
16:00:43.019 [Test worker] DEBUG org.springframework.core.env.StandardEnvironment - Initialized StandardEnvironment with PropertySources [systemProperties,systemEnvironment]
16:00:43.021 [Test worker] DEBUG org.springframework.test.context.support.TestPropertySourceUtils - Adding inlined properties to environment: {spring.jmx.enabled=false, org.springframework.boot.test.context.SpringBootTestContextBootstrapper=true, server.port=-1}
16:00:43.021 [Test worker] DEBUG org.springframework.core.env.StandardEnvironment - Adding [Inlined Test Properties] PropertySource with highest search precedence
      _
     | |
   __| | _____   _____  _ __  ___
  / _` |/ _ \ \ / / _ \| '_ \/ __|
 | (_| |  __/\ V / (_) | |_) \__ \
  \__,_|\___| \_/ \___/| .__/|___/
                       | |
                       |_|
                  _             _       _
                 | |           (_)     (_)
                 | |_ _ __ __ _ _ _ __  _ _ __   __ _
                 | __| '__/ _` | | '_ \| | '_ \ / _` |
                 | |_| | | (_| | | | | | | | | | (_| |
                  \__|_|  \__,_|_|_| |_|_|_| |_|\__, |
                                                 __/ |
                                                |___/
                                                      _
                                                     | |
                                   ___ ___  __ _  ___| | ____ _
                                  / __/ _ \/ _` |/ _ \ |/ / _` |
                                 | (_|  __/ (_| |  __/   < (_| |
                                  \___\___|\__, |\___|_|\_\__,_|
                                            __/ |
                                           |___/
2016-11-18 16:00:43.743  INFO 21078 --- [    Test worker] .c.d.t.m.PersonRepositoryIntegrationTest : Starting PersonRepositoryIntegrationTest on hi67369.cegekanv.corp.local with PID 21078 (started by toonb in /Users/toonb/Development/devops-tools-training/dev)
2016-11-18 16:00:43.751  INFO 21078 --- [    Test worker] .c.d.t.m.PersonRepositoryIntegrationTest : The following profiles are active: local
2016-11-18 16:00:43.891  INFO 21078 --- [    Test worker] o.s.w.c.s.GenericWebApplicationContext   : Refreshing org.springframework.web.context.support.GenericWebApplicationContext@48e26334: startup date [Fri Nov 18 16:00:43 CET 2016]; root of context hierarchy
2016-11-18 16:00:47.105  INFO 21078 --- [    Test worker] s.w.s.m.m.a.RequestMappingHandlerAdapter : Looking for @ControllerAdvice: org.springframework.web.context.support.GenericWebApplicationContext@48e26334: startup date [Fri Nov 18 16:00:43 CET 2016]; root of context hierarchy
2016-11-18 16:00:47.181  INFO 21078 --- [    Test worker] s.w.s.m.m.a.RequestMappingHandlerMapping : Mapped "{[/persons],methods=[GET]}" onto public java.util.List<be.cegeka.devops.training.model.Person> be.cegeka.devops.training.controllers.PersonController.getAll()
2016-11-18 16:00:47.182  INFO 21078 --- [    Test worker] s.w.s.m.m.a.RequestMappingHandlerMapping : Mapped "{[/persons],methods=[POST]}" onto public void be.cegeka.devops.training.controllers.PersonController.insertPerson(be.cegeka.devops.training.model.Person)
2016-11-18 16:00:47.182  INFO 21078 --- [    Test worker] s.w.s.m.m.a.RequestMappingHandlerMapping : Mapped "{[/persons/{id}],methods=[GET]}" onto public be.cegeka.devops.training.model.Person be.cegeka.devops.training.controllers.PersonController.getSinglePerson(java.lang.String)
2016-11-18 16:00:47.184  INFO 21078 --- [    Test worker] s.w.s.m.m.a.RequestMappingHandlerMapping : Mapped "{[/error]}" onto public org.springframework.http.ResponseEntity<java.util.Map<java.lang.String, java.lang.Object>> org.springframework.boot.autoconfigure.web.BasicErrorController.error(javax.servlet.http.HttpServletRequest)
2016-11-18 16:00:47.185  INFO 21078 --- [    Test worker] s.w.s.m.m.a.RequestMappingHandlerMapping : Mapped "{[/error],produces=[text/html]}" onto public org.springframework.web.servlet.ModelAndView org.springframework.boot.autoconfigure.web.BasicErrorController.errorHtml(javax.servlet.http.HttpServletRequest,javax.servlet.http.HttpServletResponse)
2016-11-18 16:00:47.222  INFO 21078 --- [    Test worker] o.s.w.s.handler.SimpleUrlHandlerMapping  : Mapped URL path [/webjars/**] onto handler of type [class org.springframework.web.servlet.resource.ResourceHttpRequestHandler]
2016-11-18 16:00:47.222  INFO 21078 --- [    Test worker] o.s.w.s.handler.SimpleUrlHandlerMapping  : Mapped URL path [/**] onto handler of type [class org.springframework.web.servlet.resource.ResourceHttpRequestHandler]
2016-11-18 16:00:47.269  INFO 21078 --- [    Test worker] o.s.w.s.handler.SimpleUrlHandlerMapping  : Mapped URL path [/**/favicon.ico] onto handler of type [class org.springframework.web.servlet.resource.ResourceHttpRequestHandler]
2016-11-18 16:00:47.688  INFO 21078 --- [    Test worker] o.s.b.a.e.mvc.EndpointHandlerMapping     : Mapped "{[/env/{name:.*}],methods=[GET],produces=[application/json]}" onto public java.lang.Object org.springframework.boot.actuate.endpoint.mvc.EnvironmentMvcEndpoint.value(java.lang.String)
2016-11-18 16:00:47.689  INFO 21078 --- [    Test worker] o.s.b.a.e.mvc.EndpointHandlerMapping     : Mapped "{[/env || /env.json],methods=[GET],produces=[application/json]}" onto public java.lang.Object org.springframework.boot.actuate.endpoint.mvc.EndpointMvcAdapter.invoke()
2016-11-18 16:00:47.691  INFO 21078 --- [    Test worker] o.s.b.a.e.mvc.EndpointHandlerMapping     : Mapped "{[/health || /health.json],produces=[application/json]}" onto public java.lang.Object org.springframework.boot.actuate.endpoint.mvc.HealthMvcEndpoint.invoke(java.security.Principal)
2016-11-18 16:00:47.692  INFO 21078 --- [    Test worker] o.s.b.a.e.mvc.EndpointHandlerMapping     : Mapped "{[/mappings || /mappings.json],methods=[GET],produces=[application/json]}" onto public java.lang.Object org.springframework.boot.actuate.endpoint.mvc.EndpointMvcAdapter.invoke()
2016-11-18 16:00:47.693  INFO 21078 --- [    Test worker] o.s.b.a.e.mvc.EndpointHandlerMapping     : Mapped "{[/beans || /beans.json],methods=[GET],produces=[application/json]}" onto public java.lang.Object org.springframework.boot.actuate.endpoint.mvc.EndpointMvcAdapter.invoke()
2016-11-18 16:00:47.695  INFO 21078 --- [    Test worker] o.s.b.a.e.mvc.EndpointHandlerMapping     : Mapped "{[/heapdump || /heapdump.json],methods=[GET],produces=[application/octet-stream]}" onto public void org.springframework.boot.actuate.endpoint.mvc.HeapdumpMvcEndpoint.invoke(boolean,javax.servlet.http.HttpServletRequest,javax.servlet.http.HttpServletResponse) throws java.io.IOException,javax.servlet.ServletException
2016-11-18 16:00:47.696  INFO 21078 --- [    Test worker] o.s.b.a.e.mvc.EndpointHandlerMapping     : Mapped "{[/autoconfig || /autoconfig.json],methods=[GET],produces=[application/json]}" onto public java.lang.Object org.springframework.boot.actuate.endpoint.mvc.EndpointMvcAdapter.invoke()
2016-11-18 16:00:47.699  INFO 21078 --- [    Test worker] o.s.b.a.e.mvc.EndpointHandlerMapping     : Mapped "{[/trace || /trace.json],methods=[GET],produces=[application/json]}" onto public java.lang.Object org.springframework.boot.actuate.endpoint.mvc.EndpointMvcAdapter.invoke()
2016-11-18 16:00:47.701  INFO 21078 --- [    Test worker] o.s.b.a.e.mvc.EndpointHandlerMapping     : Mapped "{[/metrics/{name:.*}],methods=[GET],produces=[application/json]}" onto public java.lang.Object org.springframework.boot.actuate.endpoint.mvc.MetricsMvcEndpoint.value(java.lang.String)
2016-11-18 16:00:47.701  INFO 21078 --- [    Test worker] o.s.b.a.e.mvc.EndpointHandlerMapping     : Mapped "{[/metrics || /metrics.json],methods=[GET],produces=[application/json]}" onto public java.lang.Object org.springframework.boot.actuate.endpoint.mvc.EndpointMvcAdapter.invoke()
2016-11-18 16:00:47.705  INFO 21078 --- [    Test worker] o.s.b.a.e.mvc.EndpointHandlerMapping     : Mapped "{[/info || /info.json],methods=[GET],produces=[application/json]}" onto public java.lang.Object org.springframework.boot.actuate.endpoint.mvc.EndpointMvcAdapter.invoke()
2016-11-18 16:00:47.706  INFO 21078 --- [    Test worker] o.s.b.a.e.mvc.EndpointHandlerMapping     : Mapped "{[/dump || /dump.json],methods=[GET],produces=[application/json]}" onto public java.lang.Object org.springframework.boot.actuate.endpoint.mvc.EndpointMvcAdapter.invoke()
2016-11-18 16:00:47.707  INFO 21078 --- [    Test worker] o.s.b.a.e.mvc.EndpointHandlerMapping     : Mapped "{[/configprops || /configprops.json],methods=[GET],produces=[application/json]}" onto public java.lang.Object org.springframework.boot.actuate.endpoint.mvc.EndpointMvcAdapter.invoke()
2016-11-18 16:00:47.973  INFO 21078 --- [    Test worker] .c.d.t.m.PersonRepositoryIntegrationTest : Started PersonRepositoryIntegrationTest in 4.939 seconds (JVM running for 5.799)
]]></system-out>
  <system-err><![CDATA[]]></system-err>
</testsuite>
